
> resist-project@1.0.0 dev
> next dev

 ⚠ Warning: Next.js inferred your workspace root, but it may not be correct.
 We detected multiple lockfiles and selected the directory of C:\Users\lknip\Documents\civic-action-wiki\package-lock.json as the root directory.
 To silence this warning, set `outputFileTracingRoot` in your Next.js config, or consider removing one of the lockfiles if it's not needed.
   See https://nextjs.org/docs/app/api-reference/config/next-config-js/output#caveats for more information.
 Detected additional lockfiles: 
   * C:\Users\lknip\Documents\civic-action-wiki\resist-project\package-lock.json

   ▲ Next.js 15.5.10
   - Local:        http://localhost:3000
   - Network:      http://10.2.0.2:3000

 ✓ Starting...
 ✓ Ready in 4.8s
 ○ Compiling / ...
 ✓ Compiled / in 7.5s (600 modules)
 GET / 200 in 9012ms
 ✓ Compiled in 2s (235 modules)
 ○ Compiling /learn/[slug] ...
 ✓ Compiled /learn/[slug] in 2.7s (835 modules)
 GET /learn/obbba-medicaid 200 in 10051ms
 ○ Compiling /act/[slug] ...
 ✓ Compiled /act/[slug] in 1190ms (837 modules)
 GET /act/dhs-funding 200 in 7204ms
 GET / 200 in 178ms
 GET /learn/obbba-medicaid 200 in 731ms
 GET /act/medicaid-enrollment 200 in 170ms
 GET /act/dhs-funding 200 in 560ms
 GET / 200 in 127ms
 ✓ Compiled in 1873ms (851 modules)
 GET / 200 in 614ms
 GET /act/medicaid-enrollment 200 in 597ms
 GET / 200 in 499ms
 ✓ Compiled in 1269ms (848 modules)
 GET /act/medicaid-enrollment 200 in 988ms
 GET / 200 in 1114ms
 GET / 200 in 581ms
 GET / 200 in 1041ms
 ○ Compiling /_not-found ...
 ✓ Compiled /_not-found in 1725ms (838 modules)
 GET /learn 404 in 2369ms
 GET /learn 404 in 667ms
 GET /learn 404 in 148ms
 GET /learn 404 in 330ms
 GET / 200 in 836ms
 GET /learn/vaccine-schedule 200 in 786ms
 GET /act/pharmacy-access 200 in 896ms
 GET / 200 in 349ms
 GET /learn/birthright-citizenship 200 in 619ms
 GET /act/insurance-appeals 404 in 451ms
 GET / 200 in 326ms
 GET /act/dhs-funding 200 in 1230ms
 GET /act/contact-congress 200 in 814ms
 GET / 200 in 766ms
 GET /learn/vaccine-schedule 200 in 2864ms
 ✓ Compiled in 507ms (222 modules)
 ✓ Compiled in 5.3s (849 modules)
 ⨯ [Error: ENOENT: no such file or directory, open 'C:\Users\lknip\Documents\civic-action-wiki\resist-project\.next\routes-manifest.json'] {
  errno: -4058,
  code: 'ENOENT',
  syscall: 'open',
  path: 'C:\\Users\\lknip\\Documents\\civic-action-wiki\\resist-project\\.next\\routes-manifest.json',
  page: '/'
}
 ⨯ [Error: ENOENT: no such file or directory, open 'C:\Users\lknip\Documents\civic-action-wiki\resist-project\.next\routes-manifest.json'] {
  errno: -4058,
  code: 'ENOENT',
  syscall: 'open',
  path: 'C:\\Users\\lknip\\Documents\\civic-action-wiki\\resist-project\\.next\\routes-manifest.json',
  page: '/learn/vaccine-schedule'
}
 ⨯ [Error: ENOENT: no such file or directory, open 'C:\Users\lknip\Documents\civic-action-wiki\resist-project\.next\routes-manifest.json'] {
  errno: -4058,
  code: 'ENOENT',
  syscall: 'open',
  path: 'C:\\Users\\lknip\\Documents\\civic-action-wiki\\resist-project\\.next\\routes-manifest.json',
  page: '/act/medicaid-enrollment'
}
 ○ Compiling /_error ...
 ⨯ Failed to generate static paths for /learn/[slug]:
[Error: Cannot find module './vendor-chunks/next.js'
Require stack:
- C:\Users\lknip\Documents\civic-action-wiki\resist-project\.next\server\webpack-runtime.js
- C:\Users\lknip\Documents\civic-action-wiki\resist-project\.next\server\app\learn\[slug]\page.js
- C:\Users\lknip\Documents\civic-action-wiki\resist-project\node_modules\next\dist\server\require.js
- C:\Users\lknip\Documents\civic-action-wiki\resist-project\node_modules\next\dist\server\load-components.js
- C:\Users\lknip\Documents\civic-action-wiki\resist-project\node_modules\next\dist\build\utils.js
- C:\Users\lknip\Documents\civic-action-wiki\resist-project\node_modules\next\dist\server\dev\static-paths-worker.js
- C:\Users\lknip\Documents\civic-action-wiki\resist-project\node_modules\next\dist\compiled\jest-worker\processChild.js] {
  type: 'Error',
  code: 'MODULE_NOT_FOUND',
  requireStack: [Array]
}
 ⨯ Failed to generate static paths for /act/[slug]:
[Error: Cannot find module './vendor-chunks/next.js'
Require stack:
- C:\Users\lknip\Documents\civic-action-wiki\resist-project\.next\server\webpack-runtime.js
- C:\Users\lknip\Documents\civic-action-wiki\resist-project\.next\server\app\act\[slug]\page.js
- C:\Users\lknip\Documents\civic-action-wiki\resist-project\node_modules\next\dist\server\require.js
- C:\Users\lknip\Documents\civic-action-wiki\resist-project\node_modules\next\dist\server\load-components.js
- C:\Users\lknip\Documents\civic-action-wiki\resist-project\node_modules\next\dist\build\utils.js
- C:\Users\lknip\Documents\civic-action-wiki\resist-project\node_modules\next\dist\server\dev\static-paths-worker.js
- C:\Users\lknip\Documents\civic-action-wiki\resist-project\node_modules\next\dist\compiled\jest-worker\processChild.js] {
  type: 'Error',
  code: 'MODULE_NOT_FOUND',
  requireStack: [Array]
}
 ✓ Compiled /_error in 5.5s (1175 modules)
 ⨯ [Error: ENOENT: no such file or directory, open 'C:\Users\lknip\Documents\civic-action-wiki\resist-project\.next\routes-manifest.json'] {
  errno: -4058,
  code: 'ENOENT',
  syscall: 'open',
  path: 'C:\\Users\\lknip\\Documents\\civic-action-wiki\\resist-project\\.next\\routes-manifest.json'
}
 ⨯ [Error: ENOENT: no such file or directory, open 'C:\Users\lknip\Documents\civic-action-wiki\resist-project\.next\routes-manifest.json'] {
  errno: -4058,
  code: 'ENOENT',
  syscall: 'open',
  path: 'C:\\Users\\lknip\\Documents\\civic-action-wiki\\resist-project\\.next\\routes-manifest.json'
}
 ⨯ [Error: ENOENT: no such file or directory, open 'C:\Users\lknip\Documents\civic-action-wiki\resist-project\.next\routes-manifest.json'] {
  errno: -4058,
  code: 'ENOENT',
  syscall: 'open',
  path: 'C:\\Users\\lknip\\Documents\\civic-action-wiki\\resist-project\\.next\\routes-manifest.json'
}
[Error: ENOENT: no such file or directory, open 'C:\Users\lknip\Documents\civic-action-wiki\resist-project\.next\routes-manifest.json'] {
  errno: -4058,
  code: 'ENOENT',
  syscall: 'open',
  path: 'C:\\Users\\lknip\\Documents\\civic-action-wiki\\resist-project\\.next\\routes-manifest.json',
  page: '/'
}
[Error: ENOENT: no such file or directory, open 'C:\Users\lknip\Documents\civic-action-wiki\resist-project\.next\routes-manifest.json'] {
  errno: -4058,
  code: 'ENOENT',
  syscall: 'open',
  path: 'C:\\Users\\lknip\\Documents\\civic-action-wiki\\resist-project\\.next\\routes-manifest.json',
  page: '/learn/vaccine-schedule'
}
[Error: ENOENT: no such file or directory, open 'C:\Users\lknip\Documents\civic-action-wiki\resist-project\.next\routes-manifest.json'] {
  errno: -4058,
  code: 'ENOENT',
  syscall: 'open',
  path: 'C:\\Users\\lknip\\Documents\\civic-action-wiki\\resist-project\\.next\\routes-manifest.json',
  page: '/act/medicaid-enrollment'
}
 ⨯ [Error: ENOENT: no such file or directory, open 'C:\Users\lknip\Documents\civic-action-wiki\resist-project\.next\routes-manifest.json'] {
  errno: -4058,
  code: 'ENOENT',
  syscall: 'open',
  path: 'C:\\Users\\lknip\\Documents\\civic-action-wiki\\resist-project\\.next\\routes-manifest.json',
  page: '/'
}
 ⨯ [Error: ENOENT: no such file or directory, open 'C:\Users\lknip\Documents\civic-action-wiki\resist-project\.next\routes-manifest.json'] {
  errno: -4058,
  code: 'ENOENT',
  syscall: 'open',
  path: 'C:\\Users\\lknip\\Documents\\civic-action-wiki\\resist-project\\.next\\routes-manifest.json'
}
 ⨯ [Error: ENOENT: no such file or directory, open 'C:\Users\lknip\Documents\civic-action-wiki\resist-project\.next\routes-manifest.json'] {
  errno: -4058,
  code: 'ENOENT',
  syscall: 'open',
  path: 'C:\\Users\\lknip\\Documents\\civic-action-wiki\\resist-project\\.next\\routes-manifest.json'
}
 ⨯ [Error: ENOENT: no such file or directory, open 'C:\Users\lknip\Documents\civic-action-wiki\resist-project\.next\routes-manifest.json'] {
  errno: -4058,
  code: 'ENOENT',
  syscall: 'open',
  path: 'C:\\Users\\lknip\\Documents\\civic-action-wiki\\resist-project\\.next\\routes-manifest.json'
}
[Error: ENOENT: no such file or directory, open 'C:\Users\lknip\Documents\civic-action-wiki\resist-project\.next\routes-manifest.json'] {
  errno: -4058,
  code: 'ENOENT',
  syscall: 'open',
  path: 'C:\\Users\\lknip\\Documents\\civic-action-wiki\\resist-project\\.next\\routes-manifest.json'
}
[Error: ENOENT: no such file or directory, open 'C:\Users\lknip\Documents\civic-action-wiki\resist-project\.next\routes-manifest.json'] {
  errno: -4058,
  code: 'ENOENT',
  syscall: 'open',
  path: 'C:\\Users\\lknip\\Documents\\civic-action-wiki\\resist-project\\.next\\routes-manifest.json'
}
[Error: ENOENT: no such file or directory, open 'C:\Users\lknip\Documents\civic-action-wiki\resist-project\.next\routes-manifest.json'] {
  errno: -4058,
  code: 'ENOENT',
  syscall: 'open',
  path: 'C:\\Users\\lknip\\Documents\\civic-action-wiki\\resist-project\\.next\\routes-manifest.json'
}
 GET / 500 in 21980ms
 GET / 500 in 2857ms
 GET /learn/vaccine-schedule 500 in 21885ms
 GET /learn/vaccine-schedule 500 in 2857ms
 GET /act/medicaid-enrollment 500 in 21138ms
 GET /act/medicaid-enrollment 500 in 1660ms
 ⨯ [Error: ENOENT: no such file or directory, open 'C:\Users\lknip\Documents\civic-action-wiki\resist-project\.next\routes-manifest.json'] {
  errno: -4058,
  code: 'ENOENT',
  syscall: 'open',
  path: 'C:\\Users\\lknip\\Documents\\civic-action-wiki\\resist-project\\.next\\routes-manifest.json',
  page: '/'
}
 ⨯ [Error: ENOENT: no such file or directory, open 'C:\Users\lknip\Documents\civic-action-wiki\resist-project\.next\routes-manifest.json'] {
  errno: -4058,
  code: 'ENOENT',
  syscall: 'open',
  path: 'C:\\Users\\lknip\\Documents\\civic-action-wiki\\resist-project\\.next\\routes-manifest.json'
}
[Error: ENOENT: no such file or directory, open 'C:\Users\lknip\Documents\civic-action-wiki\resist-project\.next\routes-manifest.json'] {
  errno: -4058,
  code: 'ENOENT',
  syscall: 'open',
  path: 'C:\\Users\\lknip\\Documents\\civic-action-wiki\\resist-project\\.next\\routes-manifest.json',
  page: '/'
}
 ⨯ [Error: ENOENT: no such file or directory, open 'C:\Users\lknip\Documents\civic-action-wiki\resist-project\.next\routes-manifest.json'] {
  errno: -4058,
  code: 'ENOENT',
  syscall: 'open',
  path: 'C:\\Users\\lknip\\Documents\\civic-action-wiki\\resist-project\\.next\\routes-manifest.json'
}
[Error: ENOENT: no such file or directory, open 'C:\Users\lknip\Documents\civic-action-wiki\resist-project\.next\routes-manifest.json'] {
  errno: -4058,
  code: 'ENOENT',
  syscall: 'open',
  path: 'C:\\Users\\lknip\\Documents\\civic-action-wiki\\resist-project\\.next\\routes-manifest.json',
  page: '/'
}
 ⨯ [Error: ENOENT: no such file or directory, open 'C:\Users\lknip\Documents\civic-action-wiki\resist-project\.next\routes-manifest.json'] {
  errno: -4058,
  code: 'ENOENT',
  syscall: 'open',
  path: 'C:\\Users\\lknip\\Documents\\civic-action-wiki\\resist-project\\.next\\routes-manifest.json'
}
[Error: ENOENT: no such file or directory, open 'C:\Users\lknip\Documents\civic-action-wiki\resist-project\.next\routes-manifest.json'] {
  errno: -4058,
  code: 'ENOENT',
  syscall: 'open',
  path: 'C:\\Users\\lknip\\Documents\\civic-action-wiki\\resist-project\\.next\\routes-manifest.json'
}
 GET / 500 in 4554ms
 GET / 500 in 1514ms
   Reload env: .env
 ⨯ [Error: ENOENT: no such file or directory, open 'C:\Users\lknip\Documents\civic-action-wiki\resist-project\.next\routes-manifest.json'] {
  errno: -4058,
  code: 'ENOENT',
  syscall: 'open',
  path: 'C:\\Users\\lknip\\Documents\\civic-action-wiki\\resist-project\\.next\\routes-manifest.json'
}
 ⨯ [Error: Cannot find module './vendor-chunks/tailwind-merge.js'
Require stack:
- C:\Users\lknip\Documents\civic-action-wiki\resist-project\.next\server\webpack-runtime.js
- C:\Users\lknip\Documents\civic-action-wiki\resist-project\.next\server\app\learn\[slug]\page.js
- C:\Users\lknip\Documents\civic-action-wiki\resist-project\node_modules\next\dist\server\require.js
- C:\Users\lknip\Documents\civic-action-wiki\resist-project\node_modules\next\dist\server\load-components.js
- C:\Users\lknip\Documents\civic-action-wiki\resist-project\node_modules\next\dist\build\utils.js
- C:\Users\lknip\Documents\civic-action-wiki\resist-project\node_modules\next\dist\server\dev\static-paths-worker.js
- C:\Users\lknip\Documents\civic-action-wiki\resist-project\node_modules\next\dist\compiled\jest-worker\processChild.js] {
  type: 'Error',
  code: 'MODULE_NOT_FOUND',
  requireStack: [Array],
  page: '/learn/vaccine-schedule'
}
 ⨯ [Error: Cannot find module './vendor-chunks/tailwind-merge.js'
Require stack:
- C:\Users\lknip\Documents\civic-action-wiki\resist-project\.next\server\webpack-runtime.js
- C:\Users\lknip\Documents\civic-action-wiki\resist-project\.next\server\app\act\[slug]\page.js
- C:\Users\lknip\Documents\civic-action-wiki\resist-project\node_modules\next\dist\server\require.js
- C:\Users\lknip\Documents\civic-action-wiki\resist-project\node_modules\next\dist\server\load-components.js
- C:\Users\lknip\Documents\civic-action-wiki\resist-project\node_modules\next\dist\build\utils.js
- C:\Users\lknip\Documents\civic-action-wiki\resist-project\node_modules\next\dist\server\dev\static-paths-worker.js
- C:\Users\lknip\Documents\civic-action-wiki\resist-project\node_modules\next\dist\compiled\jest-worker\processChild.js] {
  type: 'Error',
  code: 'MODULE_NOT_FOUND',
  requireStack: [Array],
  page: '/act/medicaid-enrollment'
}
 ✓ Compiled in 3.1s (1175 modules)
[Error: ENOENT: no such file or directory, open 'C:\Users\lknip\Documents\civic-action-wiki\resist-project\.next\routes-manifest.json'] {
  errno: -4058,
  code: 'ENOENT',
  syscall: 'open',
  path: 'C:\\Users\\lknip\\Documents\\civic-action-wiki\\resist-project\\.next\\routes-manifest.json'
}
 GET / 500 in 6296ms
 GET / 500 in 3840ms
 ⨯ [Error: ENOENT: no such file or directory, open 'C:\Users\lknip\Documents\civic-action-wiki\resist-project\.next\routes-manifest.json'] {
  errno: -4058,
  code: 'ENOENT',
  syscall: 'open',
  path: 'C:\\Users\\lknip\\Documents\\civic-action-wiki\\resist-project\\.next\\routes-manifest.json',
  page: '/'
}
 ⨯ [Error: ENOENT: no such file or directory, open 'C:\Users\lknip\Documents\civic-action-wiki\resist-project\.next\routes-manifest.json'] {
  errno: -4058,
  code: 'ENOENT',
  syscall: 'open',
  path: 'C:\\Users\\lknip\\Documents\\civic-action-wiki\\resist-project\\.next\\routes-manifest.json'
}
 ⨯ [Error: ENOENT: no such file or directory, open 'C:\Users\lknip\Documents\civic-action-wiki\resist-project\.next\routes-manifest.json'] {
  errno: -4058,
  code: 'ENOENT',
  syscall: 'open',
  path: 'C:\\Users\\lknip\\Documents\\civic-action-wiki\\resist-project\\.next\\routes-manifest.json'
}
[Error: Cannot find module './vendor-chunks/tailwind-merge.js'
Require stack:
- C:\Users\lknip\Documents\civic-action-wiki\resist-project\.next\server\webpack-runtime.js
- C:\Users\lknip\Documents\civic-action-wiki\resist-project\.next\server\app\learn\[slug]\page.js
- C:\Users\lknip\Documents\civic-action-wiki\resist-project\node_modules\next\dist\server\require.js
- C:\Users\lknip\Documents\civic-action-wiki\resist-project\node_modules\next\dist\server\load-components.js
- C:\Users\lknip\Documents\civic-action-wiki\resist-project\node_modules\next\dist\build\utils.js
- C:\Users\lknip\Documents\civic-action-wiki\resist-project\node_modules\next\dist\server\dev\static-paths-worker.js
- C:\Users\lknip\Documents\civic-action-wiki\resist-project\node_modules\next\dist\compiled\jest-worker\processChild.js] {
  type: 'Error',
  code: 'MODULE_NOT_FOUND',
  requireStack: [Array],
  page: '/learn/vaccine-schedule'
}
[Error: Cannot find module './vendor-chunks/tailwind-merge.js'
Require stack:
- C:\Users\lknip\Documents\civic-action-wiki\resist-project\.next\server\webpack-runtime.js
- C:\Users\lknip\Documents\civic-action-wiki\resist-project\.next\server\app\act\[slug]\page.js
- C:\Users\lknip\Documents\civic-action-wiki\resist-project\node_modules\next\dist\server\require.js
- C:\Users\lknip\Documents\civic-action-wiki\resist-project\node_modules\next\dist\server\load-components.js
- C:\Users\lknip\Documents\civic-action-wiki\resist-project\node_modules\next\dist\build\utils.js
- C:\Users\lknip\Documents\civic-action-wiki\resist-project\node_modules\next\dist\server\dev\static-paths-worker.js
- C:\Users\lknip\Documents\civic-action-wiki\resist-project\node_modules\next\dist\compiled\jest-worker\processChild.js] {
  type: 'Error',
  code: 'MODULE_NOT_FOUND',
  requireStack: [Array],
  page: '/act/medicaid-enrollment'
}
 ⨯ [Error: ENOENT: no such file or directory, open 'C:\Users\lknip\Documents\civic-action-wiki\resist-project\.next\routes-manifest.json'] {
  errno: -4058,
  code: 'ENOENT',
  syscall: 'open',
  path: 'C:\\Users\\lknip\\Documents\\civic-action-wiki\\resist-project\\.next\\routes-manifest.json'
}
 ⨯ [Error: ENOENT: no such file or directory, open 'C:\Users\lknip\Documents\civic-action-wiki\resist-project\.next\routes-manifest.json'] {
  errno: -4058,
  code: 'ENOENT',
  syscall: 'open',
  path: 'C:\\Users\\lknip\\Documents\\civic-action-wiki\\resist-project\\.next\\routes-manifest.json'
}
 ⨯ [Error: ENOENT: no such file or directory, open 'C:\Users\lknip\Documents\civic-action-wiki\resist-project\.next\routes-manifest.json'] {
  errno: -4058,
  code: 'ENOENT',
  syscall: 'open',
  path: 'C:\\Users\\lknip\\Documents\\civic-action-wiki\\resist-project\\.next\\routes-manifest.json'
}
[Error: ENOENT: no such file or directory, open 'C:\Users\lknip\Documents\civic-action-wiki\resist-project\.next\routes-manifest.json'] {
  errno: -4058,
  code: 'ENOENT',
  syscall: 'open',
  path: 'C:\\Users\\lknip\\Documents\\civic-action-wiki\\resist-project\\.next\\routes-manifest.json'
}
[Error: ENOENT: no such file or directory, open 'C:\Users\lknip\Documents\civic-action-wiki\resist-project\.next\routes-manifest.json'] {
  errno: -4058,
  code: 'ENOENT',
  syscall: 'open',
  path: 'C:\\Users\\lknip\\Documents\\civic-action-wiki\\resist-project\\.next\\routes-manifest.json'
}
[Error: ENOENT: no such file or directory, open 'C:\Users\lknip\Documents\civic-action-wiki\resist-project\.next\routes-manifest.json'] {
  errno: -4058,
  code: 'ENOENT',
  syscall: 'open',
  path: 'C:\\Users\\lknip\\Documents\\civic-action-wiki\\resist-project\\.next\\routes-manifest.json',
  page: '/'
}
 GET /learn/vaccine-schedule 500 in 8653ms
 GET /learn/vaccine-schedule 500 in 1378ms
 GET /act/medicaid-enrollment 500 in 8650ms
 GET /act/medicaid-enrollment 500 in 1378ms
 ⨯ [Error: ENOENT: no such file or directory, open 'C:\Users\lknip\Documents\civic-action-wiki\resist-project\.next\routes-manifest.json'] {
  errno: -4058,
  code: 'ENOENT',
  syscall: 'open',
  path: 'C:\\Users\\lknip\\Documents\\civic-action-wiki\\resist-project\\.next\\routes-manifest.json'
}
[Error: ENOENT: no such file or directory, open 'C:\Users\lknip\Documents\civic-action-wiki\resist-project\.next\routes-manifest.json'] {
  errno: -4058,
  code: 'ENOENT',
  syscall: 'open',
  path: 'C:\\Users\\lknip\\Documents\\civic-action-wiki\\resist-project\\.next\\routes-manifest.json'
}
 GET / 500 in 2794ms
 GET / 500 in 436ms
 ⨯ [Error: ENOENT: no such file or directory, open 'C:\Users\lknip\Documents\civic-action-wiki\resist-project\.next\routes-manifest.json'] {
  errno: -4058,
  code: 'ENOENT',
  syscall: 'open',
  path: 'C:\\Users\\lknip\\Documents\\civic-action-wiki\\resist-project\\.next\\routes-manifest.json',
  page: '/'
}
 ⨯ [Error: ENOENT: no such file or directory, open 'C:\Users\lknip\Documents\civic-action-wiki\resist-project\.next\routes-manifest.json'] {
  errno: -4058,
  code: 'ENOENT',
  syscall: 'open',
  path: 'C:\\Users\\lknip\\Documents\\civic-action-wiki\\resist-project\\.next\\routes-manifest.json'
}
[Error: ENOENT: no such file or directory, open 'C:\Users\lknip\Documents\civic-action-wiki\resist-project\.next\routes-manifest.json'] {
  errno: -4058,
  code: 'ENOENT',
  syscall: 'open',
  path: 'C:\\Users\\lknip\\Documents\\civic-action-wiki\\resist-project\\.next\\routes-manifest.json',
  page: '/'
}
 ⨯ [Error: ENOENT: no such file or directory, open 'C:\Users\lknip\Documents\civic-action-wiki\resist-project\.next\routes-manifest.json'] {
  errno: -4058,
  code: 'ENOENT',
  syscall: 'open',
  path: 'C:\\Users\\lknip\\Documents\\civic-action-wiki\\resist-project\\.next\\routes-manifest.json'
}
[Error: ENOENT: no such file or directory, open 'C:\Users\lknip\Documents\civic-action-wiki\resist-project\.next\routes-manifest.json'] {
  errno: -4058,
  code: 'ENOENT',
  syscall: 'open',
  path: 'C:\\Users\\lknip\\Documents\\civic-action-wiki\\resist-project\\.next\\routes-manifest.json'
}
 GET / 500 in 2957ms
 GET / 500 in 488ms
 ⨯ [Error: ENOENT: no such file or directory, open 'C:\Users\lknip\Documents\civic-action-wiki\resist-project\.next\routes-manifest.json'] {
  errno: -4058,
  code: 'ENOENT',
  syscall: 'open',
  path: 'C:\\Users\\lknip\\Documents\\civic-action-wiki\\resist-project\\.next\\routes-manifest.json',
  page: '/'
}
 ⨯ [Error: ENOENT: no such file or directory, open 'C:\Users\lknip\Documents\civic-action-wiki\resist-project\.next\routes-manifest.json'] {
  errno: -4058,
  code: 'ENOENT',
  syscall: 'open',
  path: 'C:\\Users\\lknip\\Documents\\civic-action-wiki\\resist-project\\.next\\routes-manifest.json'
}
 ⨯ [Error: Cannot find module './vendor-chunks/tailwind-merge.js'
Require stack:
- C:\Users\lknip\Documents\civic-action-wiki\resist-project\.next\server\webpack-runtime.js
- C:\Users\lknip\Documents\civic-action-wiki\resist-project\.next\server\app\learn\[slug]\page.js
- C:\Users\lknip\Documents\civic-action-wiki\resist-project\node_modules\next\dist\server\require.js
- C:\Users\lknip\Documents\civic-action-wiki\resist-project\node_modules\next\dist\server\load-components.js
- C:\Users\lknip\Documents\civic-action-wiki\resist-project\node_modules\next\dist\build\utils.js
- C:\Users\lknip\Documents\civic-action-wiki\resist-project\node_modules\next\dist\server\dev\static-paths-worker.js
- C:\Users\lknip\Documents\civic-action-wiki\resist-project\node_modules\next\dist\compiled\jest-worker\processChild.js] {
  type: 'Error',
  code: 'MODULE_NOT_FOUND',
  requireStack: [Array],
  page: '/learn/vaccine-schedule'
}
 ⨯ [Error: Cannot find module './vendor-chunks/tailwind-merge.js'
Require stack:
- C:\Users\lknip\Documents\civic-action-wiki\resist-project\.next\server\webpack-runtime.js
- C:\Users\lknip\Documents\civic-action-wiki\resist-project\.next\server\app\act\[slug]\page.js
- C:\Users\lknip\Documents\civic-action-wiki\resist-project\node_modules\next\dist\server\require.js
- C:\Users\lknip\Documents\civic-action-wiki\resist-project\node_modules\next\dist\server\load-components.js
- C:\Users\lknip\Documents\civic-action-wiki\resist-project\node_modules\next\dist\build\utils.js
- C:\Users\lknip\Documents\civic-action-wiki\resist-project\node_modules\next\dist\server\dev\static-paths-worker.js
- C:\Users\lknip\Documents\civic-action-wiki\resist-project\node_modules\next\dist\compiled\jest-worker\processChild.js] {
  type: 'Error',
  code: 'MODULE_NOT_FOUND',
  requireStack: [Array],
  page: '/act/medicaid-enrollment'
}
[Error: ENOENT: no such file or directory, open 'C:\Users\lknip\Documents\civic-action-wiki\resist-project\.next\routes-manifest.json'] {
  errno: -4058,
  code: 'ENOENT',
  syscall: 'open',
  path: 'C:\\Users\\lknip\\Documents\\civic-action-wiki\\resist-project\\.next\\routes-manifest.json',
  page: '/'
}
 ⨯ [Error: ENOENT: no such file or directory, open 'C:\Users\lknip\Documents\civic-action-wiki\resist-project\.next\routes-manifest.json'] {
  errno: -4058,
  code: 'ENOENT',
  syscall: 'open',
  path: 'C:\\Users\\lknip\\Documents\\civic-action-wiki\\resist-project\\.next\\routes-manifest.json'
}
 ⨯ [Error: ENOENT: no such file or directory, open 'C:\Users\lknip\Documents\civic-action-wiki\resist-project\.next\routes-manifest.json'] {
  errno: -4058,
  code: 'ENOENT',
  syscall: 'open',
  path: 'C:\\Users\\lknip\\Documents\\civic-action-wiki\\resist-project\\.next\\routes-manifest.json'
}
[Error: Cannot find module './vendor-chunks/tailwind-merge.js'
Require stack:
- C:\Users\lknip\Documents\civic-action-wiki\resist-project\.next\server\webpack-runtime.js
- C:\Users\lknip\Documents\civic-action-wiki\resist-project\.next\server\app\learn\[slug]\page.js
- C:\Users\lknip\Documents\civic-action-wiki\resist-project\node_modules\next\dist\server\require.js
- C:\Users\lknip\Documents\civic-action-wiki\resist-project\node_modules\next\dist\server\load-components.js
- C:\Users\lknip\Documents\civic-action-wiki\resist-project\node_modules\next\dist\build\utils.js
- C:\Users\lknip\Documents\civic-action-wiki\resist-project\node_modules\next\dist\server\dev\static-paths-worker.js
- C:\Users\lknip\Documents\civic-action-wiki\resist-project\node_modules\next\dist\compiled\jest-worker\processChild.js] {
  type: 'Error',
  code: 'MODULE_NOT_FOUND',
  requireStack: [Array],
  page: '/learn/vaccine-schedule'
}
[Error: Cannot find module './vendor-chunks/tailwind-merge.js'
Require stack:
- C:\Users\lknip\Documents\civic-action-wiki\resist-project\.next\server\webpack-runtime.js
- C:\Users\lknip\Documents\civic-action-wiki\resist-project\.next\server\app\act\[slug]\page.js
- C:\Users\lknip\Documents\civic-action-wiki\resist-project\node_modules\next\dist\server\require.js
- C:\Users\lknip\Documents\civic-action-wiki\resist-project\node_modules\next\dist\server\load-components.js
- C:\Users\lknip\Documents\civic-action-wiki\resist-project\node_modules\next\dist\build\utils.js
- C:\Users\lknip\Documents\civic-action-wiki\resist-project\node_modules\next\dist\server\dev\static-paths-worker.js
- C:\Users\lknip\Documents\civic-action-wiki\resist-project\node_modules\next\dist\compiled\jest-worker\processChild.js] {
  type: 'Error',
  code: 'MODULE_NOT_FOUND',
  requireStack: [Array],
  page: '/act/medicaid-enrollment'
}
<w> [webpack.cache.PackFileCacheStrategy] Caching failed for pack: Error: ENOENT: no such file or directory, rename 'C:\Users\lknip\Documents\civic-action-wiki\resist-project\.next\cache\webpack\client-development-fallback\1.pack.gz_' -> 'C:\Users\lknip\Documents\civic-action-wiki\resist-project\.next\cache\webpack\client-development-fallback\1.pack.gz'
 ⨯ [Error: ENOENT: no such file or directory, open 'C:\Users\lknip\Documents\civic-action-wiki\resist-project\.next\routes-manifest.json'] {
  errno: -4058,
  code: 'ENOENT',
  syscall: 'open',
  path: 'C:\\Users\\lknip\\Documents\\civic-action-wiki\\resist-project\\.next\\routes-manifest.json'
}
[Error: ENOENT: no such file or directory, open 'C:\Users\lknip\Documents\civic-action-wiki\resist-project\.next\routes-manifest.json'] {
  errno: -4058,
  code: 'ENOENT',
  syscall: 'open',
  path: 'C:\\Users\\lknip\\Documents\\civic-action-wiki\\resist-project\\.next\\routes-manifest.json'
}
 GET / 500 in 3360ms
 GET / 500 in 819ms
 ⨯ [Error: ENOENT: no such file or directory, open 'C:\Users\lknip\Documents\civic-action-wiki\resist-project\.next\routes-manifest.json'] {
  errno: -4058,
  code: 'ENOENT',
  syscall: 'open',
  path: 'C:\\Users\\lknip\\Documents\\civic-action-wiki\\resist-project\\.next\\routes-manifest.json'
}
 ⨯ [Error: ENOENT: no such file or directory, open 'C:\Users\lknip\Documents\civic-action-wiki\resist-project\.next\routes-manifest.json'] {
  errno: -4058,
  code: 'ENOENT',
  syscall: 'open',
  path: 'C:\\Users\\lknip\\Documents\\civic-action-wiki\\resist-project\\.next\\routes-manifest.json'
}
[Error: ENOENT: no such file or directory, open 'C:\Users\lknip\Documents\civic-action-wiki\resist-project\.next\routes-manifest.json'] {
  errno: -4058,
  code: 'ENOENT',
  syscall: 'open',
  path: 'C:\\Users\\lknip\\Documents\\civic-action-wiki\\resist-project\\.next\\routes-manifest.json'
}
[Error: ENOENT: no such file or directory, open 'C:\Users\lknip\Documents\civic-action-wiki\resist-project\.next\routes-manifest.json'] {
  errno: -4058,
  code: 'ENOENT',
  syscall: 'open',
  path: 'C:\\Users\\lknip\\Documents\\civic-action-wiki\\resist-project\\.next\\routes-manifest.json'
}
 GET /learn/vaccine-schedule 500 in 7211ms
 GET /learn/vaccine-schedule 500 in 758ms
 GET /act/medicaid-enrollment 500 in 7210ms
 GET /act/medicaid-enrollment 500 in 753ms
 ⨯ [Error: ENOENT: no such file or directory, open 'C:\Users\lknip\Documents\civic-action-wiki\resist-project\.next\routes-manifest.json'] {
  errno: -4058,
  code: 'ENOENT',
  syscall: 'open',
  path: 'C:\\Users\\lknip\\Documents\\civic-action-wiki\\resist-project\\.next\\routes-manifest.json',
  page: '/'
}
 ⨯ [Error: ENOENT: no such file or directory, open 'C:\Users\lknip\Documents\civic-action-wiki\resist-project\.next\routes-manifest.json'] {
  errno: -4058,
  code: 'ENOENT',
  syscall: 'open',
  path: 'C:\\Users\\lknip\\Documents\\civic-action-wiki\\resist-project\\.next\\routes-manifest.json'
}
[Error: ENOENT: no such file or directory, open 'C:\Users\lknip\Documents\civic-action-wiki\resist-project\.next\routes-manifest.json'] {
  errno: -4058,
  code: 'ENOENT',
  syscall: 'open',
  path: 'C:\\Users\\lknip\\Documents\\civic-action-wiki\\resist-project\\.next\\routes-manifest.json',
  page: '/'
}
 ⨯ [Error: ENOENT: no such file or directory, open 'C:\Users\lknip\Documents\civic-action-wiki\resist-project\.next\routes-manifest.json'] {
  errno: -4058,
  code: 'ENOENT',
  syscall: 'open',
  path: 'C:\\Users\\lknip\\Documents\\civic-action-wiki\\resist-project\\.next\\routes-manifest.json'
}
[Error: ENOENT: no such file or directory, open 'C:\Users\lknip\Documents\civic-action-wiki\resist-project\.next\routes-manifest.json'] {
  errno: -4058,
  code: 'ENOENT',
  syscall: 'open',
  path: 'C:\\Users\\lknip\\Documents\\civic-action-wiki\\resist-project\\.next\\routes-manifest.json'
}
 GET / 500 in 2808ms
 GET / 500 in 464ms
 ⨯ [Error: ENOENT: no such file or directory, open 'C:\Users\lknip\Documents\civic-action-wiki\resist-project\.next\routes-manifest.json'] {
  errno: -4058,
  code: 'ENOENT',
  syscall: 'open',
  path: 'C:\\Users\\lknip\\Documents\\civic-action-wiki\\resist-project\\.next\\routes-manifest.json',
  page: '/'
}
 ⨯ [Error: ENOENT: no such file or directory, open 'C:\Users\lknip\Documents\civic-action-wiki\resist-project\.next\routes-manifest.json'] {
  errno: -4058,
  code: 'ENOENT',
  syscall: 'open',
  path: 'C:\\Users\\lknip\\Documents\\civic-action-wiki\\resist-project\\.next\\routes-manifest.json'
}
[Error: ENOENT: no such file or directory, open 'C:\Users\lknip\Documents\civic-action-wiki\resist-project\.next\routes-manifest.json'] {
  errno: -4058,
  code: 'ENOENT',
  syscall: 'open',
  path: 'C:\\Users\\lknip\\Documents\\civic-action-wiki\\resist-project\\.next\\routes-manifest.json',
  page: '/'
}
 ⨯ [Error: Cannot find module './vendor-chunks/tailwind-merge.js'
Require stack:
- C:\Users\lknip\Documents\civic-action-wiki\resist-project\.next\server\webpack-runtime.js
- C:\Users\lknip\Documents\civic-action-wiki\resist-project\.next\server\app\act\[slug]\page.js
- C:\Users\lknip\Documents\civic-action-wiki\resist-project\node_modules\next\dist\server\require.js
- C:\Users\lknip\Documents\civic-action-wiki\resist-project\node_modules\next\dist\server\load-components.js
- C:\Users\lknip\Documents\civic-action-wiki\resist-project\node_modules\next\dist\build\utils.js
- C:\Users\lknip\Documents\civic-action-wiki\resist-project\node_modules\next\dist\server\dev\static-paths-worker.js
- C:\Users\lknip\Documents\civic-action-wiki\resist-project\node_modules\next\dist\compiled\jest-worker\processChild.js] {
  type: 'Error',
  code: 'MODULE_NOT_FOUND',
  requireStack: [Array],
  page: '/act/medicaid-enrollment'
}
 ⨯ [Error: Cannot find module './vendor-chunks/tailwind-merge.js'
Require stack:
- C:\Users\lknip\Documents\civic-action-wiki\resist-project\.next\server\webpack-runtime.js
- C:\Users\lknip\Documents\civic-action-wiki\resist-project\.next\server\app\learn\[slug]\page.js
- C:\Users\lknip\Documents\civic-action-wiki\resist-project\node_modules\next\dist\server\require.js
- C:\Users\lknip\Documents\civic-action-wiki\resist-project\node_modules\next\dist\server\load-components.js
- C:\Users\lknip\Documents\civic-action-wiki\resist-project\node_modules\next\dist\build\utils.js
- C:\Users\lknip\Documents\civic-action-wiki\resist-project\node_modules\next\dist\server\dev\static-paths-worker.js
- C:\Users\lknip\Documents\civic-action-wiki\resist-project\node_modules\next\dist\compiled\jest-worker\processChild.js] {
  type: 'Error',
  code: 'MODULE_NOT_FOUND',
  requireStack: [Array],
  page: '/learn/vaccine-schedule'
}
 ⨯ [Error: ENOENT: no such file or directory, open 'C:\Users\lknip\Documents\civic-action-wiki\resist-project\.next\routes-manifest.json'] {
  errno: -4058,
  code: 'ENOENT',
  syscall: 'open',
  path: 'C:\\Users\\lknip\\Documents\\civic-action-wiki\\resist-project\\.next\\routes-manifest.json'
}
 ⨯ [Error: ENOENT: no such file or directory, open 'C:\Users\lknip\Documents\civic-action-wiki\resist-project\.next\routes-manifest.json'] {
  errno: -4058,
  code: 'ENOENT',
  syscall: 'open',
  path: 'C:\\Users\\lknip\\Documents\\civic-action-wiki\\resist-project\\.next\\routes-manifest.json'
}
 ⨯ [Error: ENOENT: no such file or directory, open 'C:\Users\lknip\Documents\civic-action-wiki\resist-project\.next\routes-manifest.json'] {
  errno: -4058,
  code: 'ENOENT',
  syscall: 'open',
  path: 'C:\\Users\\lknip\\Documents\\civic-action-wiki\\resist-project\\.next\\routes-manifest.json'
}
[Error: ENOENT: no such file or directory, open 'C:\Users\lknip\Documents\civic-action-wiki\resist-project\.next\routes-manifest.json'] {
  errno: -4058,
  code: 'ENOENT',
  syscall: 'open',
  path: 'C:\\Users\\lknip\\Documents\\civic-action-wiki\\resist-project\\.next\\routes-manifest.json'
}
[Error: Cannot find module './vendor-chunks/tailwind-merge.js'
Require stack:
- C:\Users\lknip\Documents\civic-action-wiki\resist-project\.next\server\webpack-runtime.js
- C:\Users\lknip\Documents\civic-action-wiki\resist-project\.next\server\app\act\[slug]\page.js
- C:\Users\lknip\Documents\civic-action-wiki\resist-project\node_modules\next\dist\server\require.js
- C:\Users\lknip\Documents\civic-action-wiki\resist-project\node_modules\next\dist\server\load-components.js
- C:\Users\lknip\Documents\civic-action-wiki\resist-project\node_modules\next\dist\build\utils.js
- C:\Users\lknip\Documents\civic-action-wiki\resist-project\node_modules\next\dist\server\dev\static-paths-worker.js
- C:\Users\lknip\Documents\civic-action-wiki\resist-project\node_modules\next\dist\compiled\jest-worker\processChild.js] {
  type: 'Error',
  code: 'MODULE_NOT_FOUND',
  requireStack: [Array],
  page: '/act/medicaid-enrollment'
}
[Error: Cannot find module './vendor-chunks/tailwind-merge.js'
Require stack:
- C:\Users\lknip\Documents\civic-action-wiki\resist-project\.next\server\webpack-runtime.js
- C:\Users\lknip\Documents\civic-action-wiki\resist-project\.next\server\app\learn\[slug]\page.js
- C:\Users\lknip\Documents\civic-action-wiki\resist-project\node_modules\next\dist\server\require.js
- C:\Users\lknip\Documents\civic-action-wiki\resist-project\node_modules\next\dist\server\load-components.js
- C:\Users\lknip\Documents\civic-action-wiki\resist-project\node_modules\next\dist\build\utils.js
- C:\Users\lknip\Documents\civic-action-wiki\resist-project\node_modules\next\dist\server\dev\static-paths-worker.js
- C:\Users\lknip\Documents\civic-action-wiki\resist-project\node_modules\next\dist\compiled\jest-worker\processChild.js] {
  type: 'Error',
  code: 'MODULE_NOT_FOUND',
  requireStack: [Array],
  page: '/learn/vaccine-schedule'
}
 GET / 500 in 2786ms
 GET / 500 in 789ms
 ⨯ [Error: ENOENT: no such file or directory, open 'C:\Users\lknip\Documents\civic-action-wiki\resist-project\.next\routes-manifest.json'] {
  errno: -4058,
  code: 'ENOENT',
  syscall: 'open',
  path: 'C:\\Users\\lknip\\Documents\\civic-action-wiki\\resist-project\\.next\\routes-manifest.json',
  page: '/'
}
 ⨯ [Error: ENOENT: no such file or directory, open 'C:\Users\lknip\Documents\civic-action-wiki\resist-project\.next\routes-manifest.json'] {
  errno: -4058,
  code: 'ENOENT',
  syscall: 'open',
  path: 'C:\\Users\\lknip\\Documents\\civic-action-wiki\\resist-project\\.next\\routes-manifest.json'
}
 ⨯ [Error: ENOENT: no such file or directory, open 'C:\Users\lknip\Documents\civic-action-wiki\resist-project\.next\routes-manifest.json'] {
  errno: -4058,
  code: 'ENOENT',
  syscall: 'open',
  path: 'C:\\Users\\lknip\\Documents\\civic-action-wiki\\resist-project\\.next\\routes-manifest.json'
}
[Error: ENOENT: no such file or directory, open 'C:\Users\lknip\Documents\civic-action-wiki\resist-project\.next\routes-manifest.json'] {
  errno: -4058,
  code: 'ENOENT',
  syscall: 'open',
  path: 'C:\\Users\\lknip\\Documents\\civic-action-wiki\\resist-project\\.next\\routes-manifest.json'
}
[Error: ENOENT: no such file or directory, open 'C:\Users\lknip\Documents\civic-action-wiki\resist-project\.next\routes-manifest.json'] {
  errno: -4058,
  code: 'ENOENT',
  syscall: 'open',
  path: 'C:\\Users\\lknip\\Documents\\civic-action-wiki\\resist-project\\.next\\routes-manifest.json'
}
 GET /act/medicaid-enrollment 500 in 6130ms
 GET /act/medicaid-enrollment 500 in 979ms
 GET /learn/vaccine-schedule 500 in 6138ms
 GET /learn/vaccine-schedule 500 in 979ms
 ⨯ [Error: ENOENT: no such file or directory, open 'C:\Users\lknip\Documents\civic-action-wiki\resist-project\.next\routes-manifest.json'] {
  errno: -4058,
  code: 'ENOENT',
  syscall: 'open',
  path: 'C:\\Users\\lknip\\Documents\\civic-action-wiki\\resist-project\\.next\\routes-manifest.json'
}
[Error: ENOENT: no such file or directory, open 'C:\Users\lknip\Documents\civic-action-wiki\resist-project\.next\routes-manifest.json'] {
  errno: -4058,
  code: 'ENOENT',
  syscall: 'open',
  path: 'C:\\Users\\lknip\\Documents\\civic-action-wiki\\resist-project\\.next\\routes-manifest.json',
  page: '/'
}
 ⨯ [Error: ENOENT: no such file or directory, open 'C:\Users\lknip\Documents\civic-action-wiki\resist-project\.next\routes-manifest.json'] {
  errno: -4058,
  code: 'ENOENT',
  syscall: 'open',
  path: 'C:\\Users\\lknip\\Documents\\civic-action-wiki\\resist-project\\.next\\routes-manifest.json'
}
[Error: ENOENT: no such file or directory, open 'C:\Users\lknip\Documents\civic-action-wiki\resist-project\.next\routes-manifest.json'] {
  errno: -4058,
  code: 'ENOENT',
  syscall: 'open',
  path: 'C:\\Users\\lknip\\Documents\\civic-action-wiki\\resist-project\\.next\\routes-manifest.json'
}
 GET / 500 in 2185ms
 GET / 500 in 450ms
 ⨯ [Error: ENOENT: no such file or directory, open 'C:\Users\lknip\Documents\civic-action-wiki\resist-project\.next\routes-manifest.json'] {
  errno: -4058,
  code: 'ENOENT',
  syscall: 'open',
  path: 'C:\\Users\\lknip\\Documents\\civic-action-wiki\\resist-project\\.next\\routes-manifest.json',
  page: '/'
}
 ⨯ [Error: ENOENT: no such file or directory, open 'C:\Users\lknip\Documents\civic-action-wiki\resist-project\.next\routes-manifest.json'] {
  errno: -4058,
  code: 'ENOENT',
  syscall: 'open',
  path: 'C:\\Users\\lknip\\Documents\\civic-action-wiki\\resist-project\\.next\\routes-manifest.json',
  page: '/'
}
 ⨯ [Error: ENOENT: no such file or directory, open 'C:\Users\lknip\Documents\civic-action-wiki\resist-project\.next\routes-manifest.json'] {
  errno: -4058,
  code: 'ENOENT',
  syscall: 'open',
  path: 'C:\\Users\\lknip\\Documents\\civic-action-wiki\\resist-project\\.next\\routes-manifest.json'
}
[Error: ENOENT: no such file or directory, open 'C:\Users\lknip\Documents\civic-action-wiki\resist-project\.next\routes-manifest.json'] {
  errno: -4058,
  code: 'ENOENT',
  syscall: 'open',
  path: 'C:\\Users\\lknip\\Documents\\civic-action-wiki\\resist-project\\.next\\routes-manifest.json',
  page: '/'
}
 ⨯ [Error: ENOENT: no such file or directory, open 'C:\Users\lknip\Documents\civic-action-wiki\resist-project\.next\routes-manifest.json'] {
  errno: -4058,
  code: 'ENOENT',
  syscall: 'open',
  path: 'C:\\Users\\lknip\\Documents\\civic-action-wiki\\resist-project\\.next\\routes-manifest.json'
}
 ⨯ [Error: Cannot find module './vendor-chunks/tailwind-merge.js'
Require stack:
- C:\Users\lknip\Documents\civic-action-wiki\resist-project\.next\server\webpack-runtime.js
- C:\Users\lknip\Documents\civic-action-wiki\resist-project\.next\server\app\act\[slug]\page.js
- C:\Users\lknip\Documents\civic-action-wiki\resist-project\node_modules\next\dist\server\require.js
- C:\Users\lknip\Documents\civic-action-wiki\resist-project\node_modules\next\dist\server\load-components.js
- C:\Users\lknip\Documents\civic-action-wiki\resist-project\node_modules\next\dist\build\utils.js
- C:\Users\lknip\Documents\civic-action-wiki\resist-project\node_modules\next\dist\server\dev\static-paths-worker.js
- C:\Users\lknip\Documents\civic-action-wiki\resist-project\node_modules\next\dist\compiled\jest-worker\processChild.js] {
  type: 'Error',
  code: 'MODULE_NOT_FOUND',
  requireStack: [Array],
  page: '/act/medicaid-enrollment'
}
[Error: ENOENT: no such file or directory, open 'C:\Users\lknip\Documents\civic-action-wiki\resist-project\.next\routes-manifest.json'] {
  errno: -4058,
  code: 'ENOENT',
  syscall: 'open',
  path: 'C:\\Users\\lknip\\Documents\\civic-action-wiki\\resist-project\\.next\\routes-manifest.json',
  page: '/'
}
 ⨯ [Error: Cannot find module './vendor-chunks/tailwind-merge.js'
Require stack:
- C:\Users\lknip\Documents\civic-action-wiki\resist-project\.next\server\webpack-runtime.js
- C:\Users\lknip\Documents\civic-action-wiki\resist-project\.next\server\app\learn\[slug]\page.js
- C:\Users\lknip\Documents\civic-action-wiki\resist-project\node_modules\next\dist\server\require.js
- C:\Users\lknip\Documents\civic-action-wiki\resist-project\node_modules\next\dist\server\load-components.js
- C:\Users\lknip\Documents\civic-action-wiki\resist-project\node_modules\next\dist\build\utils.js
- C:\Users\lknip\Documents\civic-action-wiki\resist-project\node_modules\next\dist\server\dev\static-paths-worker.js
- C:\Users\lknip\Documents\civic-action-wiki\resist-project\node_modules\next\dist\compiled\jest-worker\processChild.js] {
  type: 'Error',
  code: 'MODULE_NOT_FOUND',
  requireStack: [Array],
  page: '/learn/vaccine-schedule'
}
 ⨯ [Error: ENOENT: no such file or directory, open 'C:\Users\lknip\Documents\civic-action-wiki\resist-project\.next\routes-manifest.json'] {
  errno: -4058,
  code: 'ENOENT',
  syscall: 'open',
  path: 'C:\\Users\\lknip\\Documents\\civic-action-wiki\\resist-project\\.next\\routes-manifest.json'
}
 ⨯ [Error: ENOENT: no such file or directory, open 'C:\Users\lknip\Documents\civic-action-wiki\resist-project\.next\routes-manifest.json'] {
  errno: -4058,
  code: 'ENOENT',
  syscall: 'open',
  path: 'C:\\Users\\lknip\\Documents\\civic-action-wiki\\resist-project\\.next\\routes-manifest.json'
}
[Error: ENOENT: no such file or directory, open 'C:\Users\lknip\Documents\civic-action-wiki\resist-project\.next\routes-manifest.json'] {
  errno: -4058,
  code: 'ENOENT',
  syscall: 'open',
  path: 'C:\\Users\\lknip\\Documents\\civic-action-wiki\\resist-project\\.next\\routes-manifest.json'
}
[Error: Cannot find module './vendor-chunks/tailwind-merge.js'
Require stack:
- C:\Users\lknip\Documents\civic-action-wiki\resist-project\.next\server\webpack-runtime.js
- C:\Users\lknip\Documents\civic-action-wiki\resist-project\.next\server\app\act\[slug]\page.js
- C:\Users\lknip\Documents\civic-action-wiki\resist-project\node_modules\next\dist\server\require.js
- C:\Users\lknip\Documents\civic-action-wiki\resist-project\node_modules\next\dist\server\load-components.js
- C:\Users\lknip\Documents\civic-action-wiki\resist-project\node_modules\next\dist\build\utils.js
- C:\Users\lknip\Documents\civic-action-wiki\resist-project\node_modules\next\dist\server\dev\static-paths-worker.js
- C:\Users\lknip\Documents\civic-action-wiki\resist-project\node_modules\next\dist\compiled\jest-worker\processChild.js] {
  type: 'Error',
  code: 'MODULE_NOT_FOUND',
  requireStack: [Array],
  page: '/act/medicaid-enrollment'
}
 GET / 500 in 4125ms
 GET / 500 in 1532ms
 ⨯ [Error: ENOENT: no such file or directory, open 'C:\Users\lknip\Documents\civic-action-wiki\resist-project\.next\routes-manifest.json'] {
  errno: -4058,
  code: 'ENOENT',
  syscall: 'open',
  path: 'C:\\Users\\lknip\\Documents\\civic-action-wiki\\resist-project\\.next\\routes-manifest.json'
}
 ⨯ [Error: ENOENT: no such file or directory, open 'C:\Users\lknip\Documents\civic-action-wiki\resist-project\.next\routes-manifest.json'] {
  errno: -4058,
  code: 'ENOENT',
  syscall: 'open',
  path: 'C:\\Users\\lknip\\Documents\\civic-action-wiki\\resist-project\\.next\\routes-manifest.json'
}
[Error: ENOENT: no such file or directory, open 'C:\Users\lknip\Documents\civic-action-wiki\resist-project\.next\routes-manifest.json'] {
  errno: -4058,
  code: 'ENOENT',
  syscall: 'open',
  path: 'C:\\Users\\lknip\\Documents\\civic-action-wiki\\resist-project\\.next\\routes-manifest.json'
}
[Error: Cannot find module './vendor-chunks/tailwind-merge.js'
Require stack:
- C:\Users\lknip\Documents\civic-action-wiki\resist-project\.next\server\webpack-runtime.js
- C:\Users\lknip\Documents\civic-action-wiki\resist-project\.next\server\app\learn\[slug]\page.js
- C:\Users\lknip\Documents\civic-action-wiki\resist-project\node_modules\next\dist\server\require.js
- C:\Users\lknip\Documents\civic-action-wiki\resist-project\node_modules\next\dist\server\load-components.js
- C:\Users\lknip\Documents\civic-action-wiki\resist-project\node_modules\next\dist\build\utils.js
- C:\Users\lknip\Documents\civic-action-wiki\resist-project\node_modules\next\dist\server\dev\static-paths-worker.js
- C:\Users\lknip\Documents\civic-action-wiki\resist-project\node_modules\next\dist\compiled\jest-worker\processChild.js] {
  type: 'Error',
  code: 'MODULE_NOT_FOUND',
  requireStack: [Array],
  page: '/learn/vaccine-schedule'
}
 GET / 500 in 4434ms
 GET / 500 in 893ms
 ⨯ [Error: ENOENT: no such file or directory, open 'C:\Users\lknip\Documents\civic-action-wiki\resist-project\.next\routes-manifest.json'] {
  errno: -4058,
  code: 'ENOENT',
  syscall: 'open',
  path: 'C:\\Users\\lknip\\Documents\\civic-action-wiki\\resist-project\\.next\\routes-manifest.json'
}
[Error: ENOENT: no such file or directory, open 'C:\Users\lknip\Documents\civic-action-wiki\resist-project\.next\routes-manifest.json'] {
  errno: -4058,
  code: 'ENOENT',
  syscall: 'open',
  path: 'C:\\Users\\lknip\\Documents\\civic-action-wiki\\resist-project\\.next\\routes-manifest.json'
}
 GET /act/medicaid-enrollment 500 in 6006ms
 GET /act/medicaid-enrollment 500 in 658ms
 ⨯ [Error: ENOENT: no such file or directory, open 'C:\Users\lknip\Documents\civic-action-wiki\resist-project\.next\routes-manifest.json'] {
  errno: -4058,
  code: 'ENOENT',
  syscall: 'open',
  path: 'C:\\Users\\lknip\\Documents\\civic-action-wiki\\resist-project\\.next\\routes-manifest.json',
  page: '/'
}
 ⨯ [Error: ENOENT: no such file or directory, open 'C:\Users\lknip\Documents\civic-action-wiki\resist-project\.next\routes-manifest.json'] {
  errno: -4058,
  code: 'ENOENT',
  syscall: 'open',
  path: 'C:\\Users\\lknip\\Documents\\civic-action-wiki\\resist-project\\.next\\routes-manifest.json'
}
[Error: ENOENT: no such file or directory, open 'C:\Users\lknip\Documents\civic-action-wiki\resist-project\.next\routes-manifest.json'] {
  errno: -4058,
  code: 'ENOENT',
  syscall: 'open',
  path: 'C:\\Users\\lknip\\Documents\\civic-action-wiki\\resist-project\\.next\\routes-manifest.json'
}
 GET /learn/vaccine-schedule 500 in 6853ms
 GET /learn/vaccine-schedule 500 in 1267ms
 ⨯ [Error: ENOENT: no such file or directory, open 'C:\Users\lknip\Documents\civic-action-wiki\resist-project\.next\routes-manifest.json'] {
  errno: -4058,
  code: 'ENOENT',
  syscall: 'open',
  path: 'C:\\Users\\lknip\\Documents\\civic-action-wiki\\resist-project\\.next\\routes-manifest.json'
}
[Error: ENOENT: no such file or directory, open 'C:\Users\lknip\Documents\civic-action-wiki\resist-project\.next\routes-manifest.json'] {
  errno: -4058,
  code: 'ENOENT',
  syscall: 'open',
  path: 'C:\\Users\\lknip\\Documents\\civic-action-wiki\\resist-project\\.next\\routes-manifest.json',
  page: '/'
}
 ⨯ [Error: ENOENT: no such file or directory, open 'C:\Users\lknip\Documents\civic-action-wiki\resist-project\.next\routes-manifest.json'] {
  errno: -4058,
  code: 'ENOENT',
  syscall: 'open',
  path: 'C:\\Users\\lknip\\Documents\\civic-action-wiki\\resist-project\\.next\\routes-manifest.json'
}
[Error: ENOENT: no such file or directory, open 'C:\Users\lknip\Documents\civic-action-wiki\resist-project\.next\routes-manifest.json'] {
  errno: -4058,
  code: 'ENOENT',
  syscall: 'open',
  path: 'C:\\Users\\lknip\\Documents\\civic-action-wiki\\resist-project\\.next\\routes-manifest.json'
}
 GET / 500 in 2811ms
 GET / 500 in 485ms
 ⨯ [Error: Cannot find module './vendor-chunks/tailwind-merge.js'
Require stack:
- C:\Users\lknip\Documents\civic-action-wiki\resist-project\.next\server\webpack-runtime.js
- C:\Users\lknip\Documents\civic-action-wiki\resist-project\.next\server\app\learn\[slug]\page.js
- C:\Users\lknip\Documents\civic-action-wiki\resist-project\node_modules\next\dist\server\require.js
- C:\Users\lknip\Documents\civic-action-wiki\resist-project\node_modules\next\dist\server\load-components.js
- C:\Users\lknip\Documents\civic-action-wiki\resist-project\node_modules\next\dist\build\utils.js
- C:\Users\lknip\Documents\civic-action-wiki\resist-project\node_modules\next\dist\server\dev\static-paths-worker.js
- C:\Users\lknip\Documents\civic-action-wiki\resist-project\node_modules\next\dist\compiled\jest-worker\processChild.js] {
  type: 'Error',
  code: 'MODULE_NOT_FOUND',
  requireStack: [Array],
  page: '/learn/vaccine-schedule'
}
 ⨯ [Error: Cannot find module './vendor-chunks/tailwind-merge.js'
Require stack:
- C:\Users\lknip\Documents\civic-action-wiki\resist-project\.next\server\webpack-runtime.js
- C:\Users\lknip\Documents\civic-action-wiki\resist-project\.next\server\app\act\[slug]\page.js
- C:\Users\lknip\Documents\civic-action-wiki\resist-project\node_modules\next\dist\server\require.js
- C:\Users\lknip\Documents\civic-action-wiki\resist-project\node_modules\next\dist\server\load-components.js
- C:\Users\lknip\Documents\civic-action-wiki\resist-project\node_modules\next\dist\build\utils.js
- C:\Users\lknip\Documents\civic-action-wiki\resist-project\node_modules\next\dist\server\dev\static-paths-worker.js
- C:\Users\lknip\Documents\civic-action-wiki\resist-project\node_modules\next\dist\compiled\jest-worker\processChild.js] {
  type: 'Error',
  code: 'MODULE_NOT_FOUND',
  requireStack: [Array],
  page: '/act/medicaid-enrollment'
}
 ⨯ [Error: ENOENT: no such file or directory, open 'C:\Users\lknip\Documents\civic-action-wiki\resist-project\.next\routes-manifest.json'] {
  errno: -4058,
  code: 'ENOENT',
  syscall: 'open',
  path: 'C:\\Users\\lknip\\Documents\\civic-action-wiki\\resist-project\\.next\\routes-manifest.json'
}
 ⨯ [Error: ENOENT: no such file or directory, open 'C:\Users\lknip\Documents\civic-action-wiki\resist-project\.next\routes-manifest.json'] {
  errno: -4058,
  code: 'ENOENT',
  syscall: 'open',
  path: 'C:\\Users\\lknip\\Documents\\civic-action-wiki\\resist-project\\.next\\routes-manifest.json'
}
[Error: Cannot find module './vendor-chunks/tailwind-merge.js'
Require stack:
- C:\Users\lknip\Documents\civic-action-wiki\resist-project\.next\server\webpack-runtime.js
- C:\Users\lknip\Documents\civic-action-wiki\resist-project\.next\server\app\learn\[slug]\page.js
- C:\Users\lknip\Documents\civic-action-wiki\resist-project\node_modules\next\dist\server\require.js
- C:\Users\lknip\Documents\civic-action-wiki\resist-project\node_modules\next\dist\server\load-components.js
- C:\Users\lknip\Documents\civic-action-wiki\resist-project\node_modules\next\dist\build\utils.js
- C:\Users\lknip\Documents\civic-action-wiki\resist-project\node_modules\next\dist\server\dev\static-paths-worker.js
- C:\Users\lknip\Documents\civic-action-wiki\resist-project\node_modules\next\dist\compiled\jest-worker\processChild.js] {
  type: 'Error',
  code: 'MODULE_NOT_FOUND',
  requireStack: [Array],
  page: '/learn/vaccine-schedule'
}
[Error: Cannot find module './vendor-chunks/tailwind-merge.js'
Require stack:
- C:\Users\lknip\Documents\civic-action-wiki\resist-project\.next\server\webpack-runtime.js
- C:\Users\lknip\Documents\civic-action-wiki\resist-project\.next\server\app\act\[slug]\page.js
- C:\Users\lknip\Documents\civic-action-wiki\resist-project\node_modules\next\dist\server\require.js
- C:\Users\lknip\Documents\civic-action-wiki\resist-project\node_modules\next\dist\server\load-components.js
- C:\Users\lknip\Documents\civic-action-wiki\resist-project\node_modules\next\dist\build\utils.js
- C:\Users\lknip\Documents\civic-action-wiki\resist-project\node_modules\next\dist\server\dev\static-paths-worker.js
- C:\Users\lknip\Documents\civic-action-wiki\resist-project\node_modules\next\dist\compiled\jest-worker\processChild.js] {
  type: 'Error',
  code: 'MODULE_NOT_FOUND',
  requireStack: [Array],
  page: '/act/medicaid-enrollment'
}
 ⨯ [Error: ENOENT: no such file or directory, open 'C:\Users\lknip\Documents\civic-action-wiki\resist-project\.next\routes-manifest.json'] {
  errno: -4058,
  code: 'ENOENT',
  syscall: 'open',
  path: 'C:\\Users\\lknip\\Documents\\civic-action-wiki\\resist-project\\.next\\routes-manifest.json'
}
 ⨯ [Error: ENOENT: no such file or directory, open 'C:\Users\lknip\Documents\civic-action-wiki\resist-project\.next\routes-manifest.json'] {
  errno: -4058,
  code: 'ENOENT',
  syscall: 'open',
  path: 'C:\\Users\\lknip\\Documents\\civic-action-wiki\\resist-project\\.next\\routes-manifest.json'
}
[Error: ENOENT: no such file or directory, open 'C:\Users\lknip\Documents\civic-action-wiki\resist-project\.next\routes-manifest.json'] {
  errno: -4058,
  code: 'ENOENT',
  syscall: 'open',
  path: 'C:\\Users\\lknip\\Documents\\civic-action-wiki\\resist-project\\.next\\routes-manifest.json'
}
[Error: ENOENT: no such file or directory, open 'C:\Users\lknip\Documents\civic-action-wiki\resist-project\.next\routes-manifest.json'] {
  errno: -4058,
  code: 'ENOENT',
  syscall: 'open',
  path: 'C:\\Users\\lknip\\Documents\\civic-action-wiki\\resist-project\\.next\\routes-manifest.json'
}
 GET /learn/vaccine-schedule 500 in 4269ms
 GET /learn/vaccine-schedule 500 in 998ms
 GET /act/medicaid-enrollment 500 in 4294ms
 GET /act/medicaid-enrollment 500 in 998ms
 ✓ Compiled in 2.6s (1175 modules)
 ✓ Compiled in 1965ms (1189 modules)
   Reload env: .env
 ✓ Compiled in 1960ms (1096 modules)
   Reload env: .env
 ✓ Compiled in 916ms (1082 modules)
   Reload env: .env
 ✓ Compiled in 763ms (1096 modules)
 ✓ Compiled in 667ms (387 modules)
 ✓ Compiled in 968ms (387 modules)
 ✓ Compiled in 1042ms (387 modules)
 ✓ Compiled in 3.6s (1096 modules)
 ○ Compiling /_not-found ...
 ✓ Compiled /_not-found in 2.8s (712 modules)
 ⨯ [Error: ENOENT: no such file or directory, open 'C:\Users\lknip\Documents\civic-action-wiki\resist-project\.next\server\middleware-manifest.json'] {
  errno: -4058,
  code: 'ENOENT',
  syscall: 'open',
  path: 'C:\\Users\\lknip\\Documents\\civic-action-wiki\\resist-project\\.next\\server\\middleware-manifest.json'
}
 ○ Compiling /_error ...
 ✓ Compiled /_error in 3.6s (1192 modules)
 ⨯ [Error: ENOENT: no such file or directory, open 'C:\Users\lknip\Documents\civic-action-wiki\resist-project\.next\server\pages\_document.js'] {
  errno: -4058,
  code: 'ENOENT',
  syscall: 'open',
  path: 'C:\\Users\\lknip\\Documents\\civic-action-wiki\\resist-project\\.next\\server\\pages\\_document.js'
}
[Error: ENOENT: no such file or directory, open 'C:\Users\lknip\Documents\civic-action-wiki\resist-project\.next\server\middleware-manifest.json'] {
  errno: -4058,
  code: 'ENOENT',
  syscall: 'open',
  path: 'C:\\Users\\lknip\\Documents\\civic-action-wiki\\resist-project\\.next\\server\\middleware-manifest.json'
}
 ⨯ [Error: ENOENT: no such file or directory, open 'C:\Users\lknip\Documents\civic-action-wiki\resist-project\.next\server\pages\_document.js'] {
  errno: -4058,
  code: 'ENOENT',
  syscall: 'open',
  path: 'C:\\Users\\lknip\\Documents\\civic-action-wiki\\resist-project\\.next\\server\\pages\\_document.js'
}
[Error: ENOENT: no such file or directory, open 'C:\Users\lknip\Documents\civic-action-wiki\resist-project\.next\routes-manifest.json'] {
  errno: -4058,
  code: 'ENOENT',
  syscall: 'open',
  path: 'C:\\Users\\lknip\\Documents\\civic-action-wiki\\resist-project\\.next\\routes-manifest.json'
}
 GET / 500 in 7212ms
 GET / 500 in 223ms
